app/proguard-rules.pro
# Add project specific ProGuard rules here.
# You can control the set of applied configuration files using the
# proguardFiles setting in build.gradle.
#
# For more details, see
#   http://developer.android.com/guide/developing/tools/proguard.html

# If your project uses WebView with JS, uncomment the following
# and specify the fully qualified class name to the JavaScript interface
# class:
#-keepclassmembers class fqcn.of.javascript.interface.for.webview {
#   public *;
#}

# Uncomment this to preserve the line number information for
# debugging stack traces.
#-keepattributes SourceFile,LineNumberTable

# If you keep the line number information, uncomment this to
# hide the original source file name.
#-renamesourcefileattribute SourceFile

#PROGUARD DEFINITIONS DEFINED/SETUP BY Leonard Tatum
-optimizationpasses 5
-dontusemixedcaseclassnames
-dontskipnonpubliclibraryclasses
-dontpreverify
-verbose
-dontwarn com.google.ads.**
-dontwarn com.google.android.gms.**

#The -optimizations option disables some arithmetic simplifications that Dalvik 1.0 and 1.5 can't handle. Note that the Dalvik VM also can't handle aggressive overloading (of static fields).
#To understand or change this check http://proguard.sourceforge.net/index.html#/manual/optimizations.html
-optimizations !code/simplification/arithmetic,!field/*,!class/merging/*

#Keep classes that are referenced on the AndroidManifest
-keep public class * extends android.app.Activity
-keep public class * extends android.app.Application
-keep public class * extends android.app.Service
-keep public class * extends android.content.BroadcastReceiver
-keep public class * extends android.content.ContentProvider
-keep public class com.android.vending.licensing.ILicensingService

#maintain google libraries (won't be stripped)
-keep public class com.google.android.gms.common.internal.safeparcel.SafeParcelable {
    public static final *** NULL;
}

#maintain google libraries (won't be stripped)
-keepnames @com.google.android.gms.common.annotation.KeepName class *
-keepclassmembernames class * {
    @com.google.android.gms.common.annotation.KeepName *;
}

#To maintain custom components names that are used on layouts XML:
-keep public class custom.components.**

#To remove debug logs:
-assumenosideeffects class android.util.Log {
    public static *** d(...);
    public static *** v(...);
}

#Maintain java native methods
-keepclasseswithmembernames class * {
    native <methods>;
}

-keepclasseswithmembernames class * {
    public <init>(android.content.Context, android.util.AttributeSet);
}

-keepclasseswithmembernames class * {
    public <init>(android.content.Context, android.util.AttributeSet, int);
}

-keepclassmembers enum * {
    public static **[] values();
    public static ** valueOf(java.lang.String);
}

-keep class * implements android.os.Parcelable {
  public static final android.os.Parcelable$Creator *;
}

#Keep the R
-keepclassmembers class **.R$* {
    public static <fields>;
}

#To repackage classes on a single package
#-repackageclasses ''

#Uncomment if using annotations to keep them.
#-keepattributes *Annotation*

############ ADDITIONAL OPTIONS ############

#To keep callback calls. Uncomment if using any
#http://proguard.sourceforge.net/index.html#/manual/examples.html#callback
#-keep class mypackage.MyCallbackClass {
#   void myCallbackMethod(java.lang.String);
#}

#Uncomment if using Serializable
#-keepclassmembers class * implements java.io.Serializable {
#    private static final java.io.ObjectStreamField[] serialPersistentFields;
#    private void writeObject(java.io.ObjectOutputStream);
#    private void readObject(java.io.ObjectInputStream);
#    java.lang.Object writeReplace();
#    java.lang.Object readResolve();
#}