app/build/outputs/mapping/standard/release/mapping.txt
# compiler: R8
# compiler_version: 1.5.69
# min_api: 19
# pg_map_id: 1507afc
com.blog.ljtatum.androidx.activity.BaseActivity -> com.blog.ljtatum.androidx.activity.BaseActivity:
    androidx.fragment.app.FragmentManager mFragmentManager -> p
    void addFragment(androidx.fragment.app.Fragment) -> b
    androidx.fragment.app.Fragment getTopFragment() -> t
com.blog.ljtatum.androidx.activity.MainActivity -> com.blog.ljtatum.androidx.activity.MainActivity:
    android.content.Context mContext -> q
    com.blog.ljtatum.androidx.gui.iPhoneNotch mPhoneNotchView -> w
    android.widget.RelativeLayout mDrawer -> u
    androidx.drawerlayout.widget.DrawerLayout mDrawerLayout -> v
    android.widget.TextView tvEnableAndroidx -> r
    com.app.framework.sharedpref.SharedPref mSharedPref -> x
    android.widget.ImageView ivEnableAndroidxInfo -> t
    com.google.android.gms.ads.AdView adView -> y
    android.widget.ImageView ivHambugerMenu -> s
    com.app.framework.utilities.NetworkReceiver mNetworkReceiver -> z
    com.google.android.gms.ads.AdView access$000(com.blog.ljtatum.androidx.activity.MainActivity) -> a
    void notifyConnectionChange(boolean) -> a
    void toggleDrawerState(boolean) -> b
    void setDrawerState(boolean) -> c
    void toggleAndroidXMode(boolean) -> d
    boolean checkDrawOverAppPermission() -> u
    void destroyPhoneNotch() -> v
    void initializeHandlers() -> w
    void initializeListeners() -> x
    void initializeViews() -> y
com.blog.ljtatum.androidx.activity.MainActivity$1 -> com.blog.ljtatum.androidx.activity.MainActivity$a:
    com.blog.ljtatum.androidx.activity.MainActivity this$0 -> b
com.blog.ljtatum.androidx.activity.MainActivity$2 -> com.blog.ljtatum.androidx.activity.MainActivity$b:
    com.blog.ljtatum.androidx.activity.MainActivity this$0 -> a
    void onAdClosed() -> a
    void onAdFailedToLoad(int) -> a
    void onAdLeftApplication() -> c
    void onAdLoaded() -> d
    void onAdOpened() -> e
com.blog.ljtatum.androidx.adapter.DrawerAdapter -> d.b.a.a.a.a:
    android.content.Context mContext -> c
    int[] arryMenuIcons -> e
    java.lang.String[] arryMenuOptions -> d
    android.content.Context access$000(com.blog.ljtatum.androidx.adapter.DrawerAdapter) -> a
    int getItemCount() -> a
    void onBindViewHolder(com.blog.ljtatum.androidx.adapter.DrawerAdapter$ViewHolder,int) -> a
    void onBindViewHolder(androidx.recyclerview.widget.RecyclerView$ViewHolder,int) -> b
    androidx.recyclerview.widget.RecyclerView$ViewHolder onCreateViewHolder(android.view.ViewGroup,int) -> b
    com.blog.ljtatum.androidx.adapter.DrawerAdapter$ViewHolder onCreateViewHolder(android.view.ViewGroup,int) -> b
com.blog.ljtatum.androidx.adapter.DrawerAdapter$1 -> d.b.a.a.a.a$a:
    com.blog.ljtatum.androidx.adapter.DrawerAdapter this$0 -> b
com.blog.ljtatum.androidx.adapter.DrawerAdapter$2 -> d.b.a.a.a.a$b:
    com.blog.ljtatum.androidx.adapter.DrawerAdapter this$0 -> b
com.blog.ljtatum.androidx.adapter.DrawerAdapter$3 -> d.b.a.a.a.a$c:
    com.blog.ljtatum.androidx.adapter.DrawerAdapter this$0 -> b
com.blog.ljtatum.androidx.adapter.DrawerAdapter$4 -> d.b.a.a.a.a$d:
    com.blog.ljtatum.androidx.adapter.DrawerAdapter this$0 -> b
com.blog.ljtatum.androidx.adapter.DrawerAdapter$ViewHolder -> d.b.a.a.a.a$e:
    android.widget.TextView tvMenuOption -> t
    android.widget.ImageView ivMenuIcon -> u
com.blog.ljtatum.androidx.fragments.AboutFragment -> d.b.a.a.b.a:
    android.widget.ImageView ivLinkedin -> j0
    android.content.Context mContext -> b0
    android.widget.ImageView ivTwitter -> i0
    android.widget.ImageView ivFb -> h0
    android.view.View mRootView -> c0
    android.widget.TextView tvFeedbackEmail -> g0
    android.widget.TextView tvFragmentHeader -> f0
    android.widget.TextView tvCopyright -> e0
    android.widget.TextView tvAppVersion -> d0
    void onDetach() -> U
    void onResume() -> W
    android.view.View onCreateView(android.view.LayoutInflater,android.view.ViewGroup,android.os.Bundle) -> a
    void initializeHandlers() -> m0
    void initializeViews() -> n0
...
com.crashlytics.android.core.MetaDataStore -> com.crashlytics.android.core.v:
    java.io.File filesDir -> a
    java.util.Map readKeyData(java.lang.String) -> a
    java.lang.String valueOrNull(org.json.JSONObject,java.lang.String) -> a
    com.crashlytics.android.core.UserMetaData readUserData(java.lang.String) -> b
    java.io.File getKeysFileForSession(java.lang.String) -> c
    java.io.File getUserDataFileForSession(java.lang.String) -> d
    java.util.Map jsonToKeysData(java.lang.String) -> e
    com.crashlytics.android.core.UserMetaData jsonToUserData(java.lang.String) -> f
com.crashlytics.android.core.MiddleOutFallbackStrategy -> com.crashlytics.android.core.w:
    com.crashlytics.android.core.StackTraceTrimmingStrategy[] trimmingStrategies -> b
    com.crashlytics.android.core.MiddleOutStrategy middleOutStrategy -> c
    int maximumStackSize -> a
    java.lang.StackTraceElement[] getTrimmedStackTrace(java.lang.StackTraceElement[]) -> a
com.crashlytics.android.core.MiddleOutStrategy -> com.crashlytics.android.core.x:
    int trimmedSize -> a
    java.lang.StackTraceElement[] getTrimmedStackTrace(java.lang.StackTraceElement[]) -> a
com.crashlytics.android.core.NativeCrashWriter -> com.crashlytics.android.core.y:
    com.crashlytics.android.core.NativeCrashWriter$ThreadMessage[] EMPTY_THREAD_MESSAGES -> c
    com.crashlytics.android.core.NativeCrashWriter$CustomAttributeMessage[] EMPTY_CUSTOM_ATTRIBUTE_MESSAGES -> f
    com.crashlytics.android.core.internal.models.SignalData DEFAULT_SIGNAL -> a
    com.crashlytics.android.core.NativeCrashWriter$FrameMessage[] EMPTY_FRAME_MESSAGES -> d
    com.crashlytics.android.core.NativeCrashWriter$BinaryImageMessage[] EMPTY_BINARY_IMAGE_MESSAGES -> e
    com.crashlytics.android.core.NativeCrashWriter$ProtobufMessage[] EMPTY_CHILDREN -> b
    com.crashlytics.android.core.NativeCrashWriter$ProtobufMessage[] access$000() -> a
    com.crashlytics.android.core.NativeCrashWriter$RepeatedMessage createBinaryImagesMessage(com.crashlytics.android.core.internal.models.BinaryImageData[]) -> a
    com.crashlytics.android.core.NativeCrashWriter$RepeatedMessage createCustomAttributesMessage(com.crashlytics.android.core.internal.models.CustomAttributeData[]) -> a
    com.crashlytics.android.core.NativeCrashWriter$ProtobufMessage createDeviceMessage(com.crashlytics.android.core.internal.models.DeviceData) -> a
    com.crashlytics.android.core.NativeCrashWriter$EventMessage createEventMessage(com.crashlytics.android.core.internal.models.SessionEventData,com.crashlytics.android.core.LogFileManager,java.util.Map) -> a
com.crashlytics.android.core.NativeCrashWriter$ApplicationMessage -> com.crashlytics.android.core.y$a:
com.crashlytics.android.core.NativeCrashWriter$BinaryImageMessage -> com.crashlytics.android.core.y$b:
    java.lang.String uuid -> f
    long imageSize -> d
    long baseAddr -> c
    java.lang.String filePath -> e
    int getPropertiesSize() -> a
    void writeProperties(com.crashlytics.android.core.CodedOutputStream) -> b
com.crashlytics.android.core.NativeCrashWriter$CustomAttributeMessage -> com.crashlytics.android.core.y$c:
    java.lang.String key -> c
    java.lang.String value -> d
    int getPropertiesSize() -> a
    void writeProperties(com.crashlytics.android.core.CodedOutputStream) -> b
com.crashlytics.android.core.NativeCrashWriter$DeviceMessage -> com.crashlytics.android.core.y$d:
    long diskUsed -> h
    long ramUsed -> g
    boolean proximityOn -> e
    int orientation -> f
    float batteryLevel -> c
    int batteryVelocity -> d
    int getPropertiesSize() -> a
    void writeProperties(com.crashlytics.android.core.CodedOutputStream) -> b
com.crashlytics.android.core.NativeCrashWriter$EventMessage -> com.crashlytics.android.core.y$e:
    long time -> c
    java.lang.String crashType -> d
    int getPropertiesSize() -> a
    void writeProperties(com.crashlytics.android.core.CodedOutputStream) -> b